[2026/02/18 14:12:16   INFO]           [HytaleServer] Starting HytaleServer
[2026/02/18 14:12:16   INFO]           [HytaleServer] Loading config...
[2026/02/18 14:12:16 SEVERE]                   [SERR] decodeJson: class com.hypixel.hytale.codec.DocumentContainingCodec
[2026/02/18 14:12:16   INFO]           [HytaleServer] Authentication mode: AUTHENTICATED
[2026/02/18 14:12:16   INFO]      [ServerAuthManager] No server tokens configured. Use /auth login to authenticate, or provide tokens via CLI/environment.
[2026/02/18 14:12:16   INFO]      [ServerAuthManager] Server session ID: 2bfa534e-eb72-4d76-9d85-6ea009dfc661
[2026/02/18 14:12:16   INFO]           [HytaleServer] Booting up HytaleServer - Version: 2026.02.17-255364b8e, Revision: 255364b8e3ae86321347e08735c113cf6f10de06
[2026/02/18 14:12:16   INFO]           [HytaleServer] Setup phase...
[2026/02/18 14:12:16   INFO]          [PluginManager] Loading pending core plugins!
[2026/02/18 14:12:16   INFO]          [PluginManager] - Hytale:ConsoleModule
[2026/02/18 14:12:16   INFO]          [PluginManager] - Hytale:PermissionsModule
[2026/02/18 14:12:16   INFO]          [PluginManager] - Hytale:UpdateModule
[2026/02/18 14:12:16   INFO]          [PluginManager] - Hytale:FlyCameraModule
[2026/02/18 14:12:16   INFO]          [PluginManager] - Hytale:AssetModule
[2026/02/18 14:12:16   INFO]          [PluginManager] - Hytale:CommonAssetModule
[2026/02/18 14:12:16   INFO]          [PluginManager] - Hytale:CosmeticsModule
[2026/02/18 14:12:16   INFO]          [PluginManager] - Hytale:ServerManager
[2026/02/18 14:12:16   INFO]          [PluginManager] - Hytale:I18nModule
[2026/02/18 14:12:16   INFO]          [PluginManager] - Hytale:ItemModule
[2026/02/18 14:12:16   INFO]          [PluginManager] - Hytale:BlockTypeModule
[2026/02/18 14:12:16   INFO]          [PluginManager] - Hytale:LegacyModule
[2026/02/18 14:12:16   INFO]          [PluginManager] - Hytale:BlockModule
[2026/02/18 14:12:16   INFO]          [PluginManager] - Hytale:BlockStateModule
[2026/02/18 14:12:16   INFO]          [PluginManager] - Hytale:CollisionModule
[2026/02/18 14:12:16   INFO]          [PluginManager] - Hytale:BlockSetModule
[2026/02/18 14:12:16   INFO]          [PluginManager] - Hytale:MigrationModule
[2026/02/18 14:12:16   INFO]          [PluginManager] - Hytale:BlockHealthModule
[2026/02/18 14:12:16   INFO]          [PluginManager] - Hytale:PrefabSpawnerModule
[2026/02/18 14:12:16   INFO]          [PluginManager] - Hytale:TimeModule
[2026/02/18 14:12:16   INFO]          [PluginManager] - Hytale:AnchorActionModule
[2026/02/18 14:12:16   INFO]          [PluginManager] - Hytale:InteractionModule
[2026/02/18 14:12:16   INFO]          [PluginManager] - Hytale:EntityModule
[2026/02/18 14:12:16   INFO]          [PluginManager] - Hytale:EntityStatsModule
[2026/02/18 14:12:16   INFO]          [PluginManager] - Hytale:EntityUIModule
[2026/02/18 14:12:16   INFO]          [PluginManager] - Hytale:DamageModule
[2026/02/18 14:12:16   INFO]          [PluginManager] - Hytale:SplitVelocity
[2026/02/18 14:12:16   INFO]          [PluginManager] - Hytale:StaminaModule
[2026/02/18 14:12:16   INFO]          [PluginManager] - Hytale:DebugPlugin
[2026/02/18 14:12:16   INFO]          [PluginManager] - Hytale:ProjectileModule
[2026/02/18 14:12:16   INFO]          [PluginManager] - Hytale:ServerPlayerListModule
[2026/02/18 14:12:16   INFO]          [PluginManager] - Hytale:AccessControlModule
[2026/02/18 14:12:16   INFO]          [PluginManager] - Hytale:SingleplayerModule
[2026/02/18 14:12:16   INFO]          [PluginManager] - Hytale:Universe
[2026/02/18 14:12:16   INFO]          [PluginManager] - Hytale:ConnectedBlocksModule
[2026/02/18 14:12:16   INFO]          [PluginManager] Loading pending classpath plugins!
[2026/02/18 14:12:16   INFO]          [PluginManager] - Buuz135:BetterModlist
[2026/02/18 14:12:16   INFO]          [PluginManager] - dev.hytalemodding:Hyssentials
[2026/02/18 14:12:16   INFO]          [PluginManager] - ScaffoldIt:Devtools
[2026/02/18 14:12:16   INFO]          [PluginManager] - Hytale:AssetEditor
[2026/02/18 14:12:16   INFO]          [PluginManager] - Hytale:BlockSpawner
[2026/02/18 14:12:16   INFO]          [PluginManager] - Hytale:BlockTick
[2026/02/18 14:12:16   INFO]          [PluginManager] - Hytale:BlockPhysics
[2026/02/18 14:12:16   INFO]          [PluginManager] - Hytale:BuilderTools
[2026/02/18 14:12:16   INFO]          [PluginManager] - Hytale:Crafting
[2026/02/18 14:12:16   INFO]          [PluginManager] - Hytale:CommandMacro
[2026/02/18 14:12:16   INFO]          [PluginManager] - Hytale:Instances
[2026/02/18 14:12:16   INFO]          [PluginManager] - Hytale:LANDiscovery
[2026/02/18 14:12:16   INFO]          [PluginManager] - Hytale:NPC
[2026/02/18 14:12:16   INFO]          [PluginManager] - Hytale:NPCObjectives
[2026/02/18 14:12:16   INFO]          [PluginManager] - Hytale:ObjectiveReputation
[2026/02/18 14:12:16   INFO]          [PluginManager] - Hytale:Objectives
[2026/02/18 14:12:16   INFO]          [PluginManager] - Hytale:ObjectiveShop
[2026/02/18 14:12:16   INFO]          [PluginManager] - Hytale:Path
[2026/02/18 14:12:16   INFO]          [PluginManager] - Hytale:Reputation
[2026/02/18 14:12:16   INFO]          [PluginManager] - Hytale:NPCReputation
[2026/02/18 14:12:16   INFO]          [PluginManager] - Hytale:Shop
[2026/02/18 14:12:16   INFO]          [PluginManager] - Hytale:ShopReputation
[2026/02/18 14:12:16   INFO]          [PluginManager] - Hytale:NPCShop
[2026/02/18 14:12:16   INFO]          [PluginManager] - Hytale:NPCEditor
[2026/02/18 14:12:16   INFO]          [PluginManager] - Hytale:Stash
[2026/02/18 14:12:16   INFO]          [PluginManager] - Hytale:TagSet
[2026/02/18 14:12:16   INFO]          [PluginManager] - Hytale:Teleport
[2026/02/18 14:12:16   INFO]          [PluginManager] - Hytale:Fluid
[2026/02/18 14:12:16   INFO]          [PluginManager] - Hytale:Weather
[2026/02/18 14:12:16   INFO]          [PluginManager] - Hytale:WorldGen
[2026/02/18 14:12:16   INFO]          [PluginManager] - Hytale:Farming
[2026/02/18 14:12:16   INFO]          [PluginManager] - Hytale:Camera
[2026/02/18 14:12:16   INFO]          [PluginManager] - Hytale:WorldLocationCondition
[2026/02/18 14:12:16   INFO]          [PluginManager] - Hytale:NPCCombatActionEvaluator
[2026/02/18 14:12:16   INFO]          [PluginManager] - Hytale:Model
[2026/02/18 14:12:16   INFO]          [PluginManager] - Hytale:Mantling
[2026/02/18 14:12:16   INFO]          [PluginManager] - Hytale:SafetyRoll
[2026/02/18 14:12:16   INFO]          [PluginManager] - Hytale:SprintForce
[2026/02/18 14:12:16   INFO]          [PluginManager] - Hytale:CrouchSlide
[2026/02/18 14:12:16   INFO]          [PluginManager] - Hytale:Parkour
[2026/02/18 14:12:16   INFO]          [PluginManager] - Hytale:Mounts
[2026/02/18 14:12:16   INFO]          [PluginManager] - Hytale:HytaleGenerator
[2026/02/18 14:12:16   INFO]          [PluginManager] - Hytale:Teleporter
[2026/02/18 14:12:16   INFO]          [PluginManager] - Hytale:Memories
[2026/02/18 14:12:16   INFO]          [PluginManager] - Hytale:Deployables
[2026/02/18 14:12:16   INFO]          [PluginManager] - Hytale:Portals
[2026/02/18 14:12:16   INFO]          [PluginManager] - Hytale:Beds
[2026/02/18 14:12:16   INFO]          [PluginManager] - Hytale:Ambience
[2026/02/18 14:12:16   INFO]          [PluginManager] - Hytale:CreativeHub
[2026/02/18 14:12:16   INFO]          [PluginManager] - Hytale:RandomTick
[2026/02/18 14:12:16   INFO]          [PluginManager] Loading pending plugins from directory: /home/neil/IdeaProjects/Hyssentials/src/main
[2026/02/18 14:12:16   WARN]          [PluginManager] Plugin 'dev.hytalemodding:Hyssentials' targets a different server version 2026.02.17-255364b8e. You may encounter issues, please check for plugin updates.
[2026/02/18 14:12:16   WARN]          [PluginManager] Plugin 'ScaffoldIt:Devtools' does not specify a target server version. You may encounter issues, please check for plugin updates. This will be a hard error in the future
[2026/02/18 14:12:16 SEVERE]          [PluginManager] One or more plugins are targeting a different server version. It is recommended to update these plugins to ensure compatibility.
[2026/02/18 14:12:19 SEVERE]                   [SERR] WARNING: A Java agent has been loaded dynamically (/home/neil/.gradle/caches/modules-2/files-2.1/net.bytebuddy/byte-buddy-agent/1.14.18/417558ea01fe9f0e8a94af28b9469d281c4e3984/byte-buddy-agent-1.14.18.jar)
[2026/02/18 14:12:19 SEVERE]                   [SERR] WARNING: If a serviceability tool is in use, please run with -XX:+EnableDynamicAgentLoading to hide this warning
[2026/02/18 14:12:19 SEVERE]                   [SERR] WARNING: If a serviceability tool is not in use, please run with -Djdk.instrument.traceUsage for more information
[2026/02/18 14:12:19 SEVERE]                   [SERR] WARNING: Dynamic loading of agents will be disallowed by default in a future release
[2026/02/18 14:12:18   INFO]   [HytaleDevtoolsPlugin] HotSwap detection enabled via ByteBuddy
[2026/02/18 14:12:19   INFO]          [AssetModule|P] Asset monitor enabled!
[2026/02/18 14:12:19   INFO]      [ServerAuthManager] Server certificate set: CN=localhost
[2026/02/18 14:12:19   INFO]          [QUICTransport] Server certificate registered for mutual auth, fingerprint: BbK1yoZ2ixhpbAguvRU4wp4OMFWhxyG98E4c75Pk2mQ
[2026/02/18 14:12:19   INFO]          [AssetModule|P] Loaded pack: Hytale:Hytale from Assets.zip
[2026/02/18 14:12:19   INFO]          [AssetModule|P] Loading packs from directory: mods
[2026/02/18 14:12:19   INFO]          [AssetModule|P] Loading packs from directory: /home/neil/IdeaProjects/Hyssentials/src/main
[2026/02/18 14:12:19   INFO]          [AssetModule|P] Loaded pack: dev.hytalemodding:Hyssentials from resources
[2026/02/18 14:12:19   WARN]          [AssetModule|P] Skipping pack at java: missing or invalid manifest.json
[2026/02/18 14:12:19   WARN]          [AssetModule|P] Plugin 'dev.hytalemodding:Hyssentials' targets a different server version 2026.02.17-255364b8e. You may encounter issues, please check for plugin updates.
[2026/02/18 14:12:19 SEVERE]          [AssetModule|P] One or more asset packs are targeting an older server version. It is recommended to update these plugins to ensure compatibility.
[2026/02/18 14:12:19   INFO]          [QUICTransport] Using IPv4 Datagram Channel: EpollDatagramChannel(INET)...
[2026/02/18 14:12:19   INFO]          [QUICTransport] Using IPv6 Datagram Channel: EpollDatagramChannel(INET6)...
[2026/02/18 14:12:19   WARN] [io.netty.bootstrap.Bootstrap] Unknown channel option 'IP_DONTFRAGMENT' for channel '[id: 0x73812bc9]' of type 'class io.netty.channel.epoll.EpollDatagramChannel'
[2026/02/18 14:12:19   WARN] [io.netty.bootstrap.Bootstrap] Unknown channel option 'IP_DONTFRAGMENT' for channel '[id: 0x39a9196f]' of type 'class io.netty.channel.epoll.EpollDatagramChannel'
[2026/02/18 14:12:19   INFO]              [ServerManager|P] Took 424ms 514us 887ns to setup transport!
[2026/02/18 14:12:21   INFO]              [ConsoleModule|P] Setup console with type: dumb-color
[2026/02/18 14:12:21   INFO]                [Hyssentials|P] No existing config found, will create fresh config.
[2026/02/18 14:12:21   INFO]                [Hyssentials|P] [EN] Created language file with 149 keys
[2026/02/18 14:12:21   INFO]                [Hyssentials|P] No ranks.json found, creating defaults
[2026/02/18 14:12:21   INFO]                [Hyssentials|P] Saved 2 ranks to ranks.json
[2026/02/18 14:12:21   INFO]                [Hyssentials|P] No existing homes.json file found, starting fresh.
[2026/02/18 14:12:21   INFO]                [Hyssentials|P] No existing warps.json file found, starting fresh.
[2026/02/18 14:12:21 SEVERE]                [Hyssentials|P] Failed to setup plugin dev.hytalemodding:Hyssentials
java.lang.NullPointerException: Cannot invoke "com.hypixel.hytale.component.query.Query.validateRegistry(com.hypixel.hytale.component.ComponentRegistry)" because "query" is null
	at com.hypixel.hytale.component.ComponentRegistry.registerSystem(ComponentRegistry.java:674)
	at com.hypixel.hytale.component.ComponentRegistry.registerSystem(ComponentRegistry.java:663)
	at com.hypixel.hytale.component.ComponentRegistryProxy.registerSystem(ComponentRegistryProxy.java:92)
	at dev.hytalemodding.hyssentials.HyssentialsPlugin.setup(HyssentialsPlugin.java:105)
	at com.hypixel.hytale.server.core.plugin.PluginBase.setup0(PluginBase.java:392)
	at com.hypixel.hytale.server.core.plugin.JavaPlugin.setup0(JavaPlugin.java:48)
	at com.hypixel.hytale.server.core.plugin.PluginManager.setup(PluginManager.java:870)
	at com.hypixel.hytale.server.core.plugin.PluginManager.setup(PluginManager.java:284)
	at com.hypixel.hytale.server.core.HytaleServer.boot(HytaleServer.java:386)
	at com.hypixel.hytale.server.core.HytaleServer.<init>(HytaleServer.java:344)
	at com.hypixel.hytale.LateMain.lateMain(LateMain.java:56)
	at com.hypixel.hytale.Main.main(Main.java:43)

[2026/02/18 14:12:21   WARN]                [AssetModule|P] Asset pack with name 'dev.hytalemodding:Hyssentials' already exists, skipping registration from path: /home/neil/IdeaProjects/Hyssentials/build/resources/main
[2026/02/18 14:12:22   INFO]                 [HytaleServer] Shutdown triggered!!!
[2026/02/18 14:12:22   INFO]                 [HytaleServer] Shutting down... 9  'Failed to setup the following plugins:
 - dev.hytalemodding:Hyssentials: java.lang.NullPointerException: Cannot invoke "com.hypixel.hytale.component.query.Query.validateRegistry(com.hypixel.hytale.component.ComponentRegistry)" because "query" is null'
[2026/02/18 14:12:22   INFO]                [PluginManager] Saving plugins config...
[2026/02/18 14:12:22   INFO]                 [HytaleServer] Saving config...
[2026/02/18 14:12:22   INFO]                 [HytaleServer] Shutdown completed!
